<?xml version="1.0" encoding="UTF-8"?>
<testsuites>
  <testsuite name="/Users/rsa/lab/testcrm/crm-back/phpunit.xml" tests="18" assertions="0" errors="18" failures="0" skipped="0" time="0.154292">
    <testsuite name="Unit" tests="11" assertions="0" errors="11" failures="0" skipped="0" time="0.154292">
      <testsuite name="Tests\Unit\RoomTypeServiceTest" file="/Users/rsa/lab/testcrm/crm-back/tests/Unit/RoomTypeServiceTest.php" tests="9" assertions="0" errors="9" failures="0" skipped="0" time="0.000000">
        <testcase name="it_updates_room_type_photos_with_cleanup" file="/Users/rsa/lab/testcrm/crm-back/tests/Unit/RoomTypeServiceTest.php" line="178" class="Tests\Unit\RoomTypeServiceTest" classname="Tests.Unit.RoomTypeServiceTest" assertions="0" time="0.000000">
          <error type="Illuminate\Database\QueryException">Tests\Unit\RoomTypeServiceTest::it_updates_room_type_photos_with_cleanup
Illuminate\Database\QueryException: SQLSTATE[HY000] [2002] Connection refused (Connection: mysql, SQL: select exists (select 1 from information_schema.tables where table_schema = schema() and table_name = 'migrations' and table_type in ('BASE TABLE', 'SYSTEM VERSIONED')) as `exists`)

/Users/rsa/lab/testcrm/crm-back/vendor/laravel/framework/src/Illuminate/Database/Connection.php:826
/Users/rsa/lab/testcrm/crm-back/vendor/laravel/framework/src/Illuminate/Database/Connection.php:980
/Users/rsa/lab/testcrm/crm-back/vendor/laravel/framework/src/Illuminate/Database/Connection.php:959
/Users/rsa/lab/testcrm/crm-back/vendor/laravel/framework/src/Illuminate/Database/Connection.php:782
/Users/rsa/lab/testcrm/crm-back/vendor/laravel/framework/src/Illuminate/Database/Connection.php:397
/Users/rsa/lab/testcrm/crm-back/vendor/laravel/framework/src/Illuminate/Database/Connection.php:343
/Users/rsa/lab/testcrm/crm-back/vendor/laravel/framework/src/Illuminate/Database/Connection.php:360
/Users/rsa/lab/testcrm/crm-back/vendor/laravel/framework/src/Illuminate/Database/Schema/Builder.php:174
/Users/rsa/lab/testcrm/crm-back/vendor/laravel/framework/src/Illuminate/Database/Migrations/DatabaseMigrationRepository.php:185
/Users/rsa/lab/testcrm/crm-back/vendor/laravel/framework/src/Illuminate/Database/Migrations/Migrator.php:756
/Users/rsa/lab/testcrm/crm-back/vendor/laravel/framework/src/Illuminate/Database/Console/Migrations/FreshCommand.php:67
/Users/rsa/lab/testcrm/crm-back/vendor/laravel/framework/src/Illuminate/Database/Migrations/Migrator.php:669
/Users/rsa/lab/testcrm/crm-back/vendor/laravel/framework/src/Illuminate/Database/Console/Migrations/FreshCommand.php:66
/Users/rsa/lab/testcrm/crm-back/vendor/laravel/framework/src/Illuminate/Container/BoundMethod.php:36
/Users/rsa/lab/testcrm/crm-back/vendor/laravel/framework/src/Illuminate/Container/Util.php:43
/Users/rsa/lab/testcrm/crm-back/vendor/laravel/framework/src/Illuminate/Container/BoundMethod.php:96
/Users/rsa/lab/testcrm/crm-back/vendor/laravel/framework/src/Illuminate/Container/BoundMethod.php:35
/Users/rsa/lab/testcrm/crm-back/vendor/laravel/framework/src/Illuminate/Container/Container.php:799
/Users/rsa/lab/testcrm/crm-back/vendor/laravel/framework/src/Illuminate/Console/Command.php:211
/Users/rsa/lab/testcrm/crm-back/vendor/symfony/console/Command/Command.php:341
/Users/rsa/lab/testcrm/crm-back/vendor/laravel/framework/src/Illuminate/Console/Command.php:180
/Users/rsa/lab/testcrm/crm-back/vendor/symfony/console/Application.php:1102
/Users/rsa/lab/testcrm/crm-back/vendor/symfony/console/Application.php:356
/Users/rsa/lab/testcrm/crm-back/vendor/symfony/console/Application.php:195
/Users/rsa/lab/testcrm/crm-back/vendor/laravel/framework/src/Illuminate/Console/Application.php:165
/Users/rsa/lab/testcrm/crm-back/vendor/laravel/framework/src/Illuminate/Foundation/Console/Kernel.php:447
/Users/rsa/lab/testcrm/crm-back/vendor/laravel/framework/src/Illuminate/Testing/PendingCommand.php:451
/Users/rsa/lab/testcrm/crm-back/vendor/laravel/framework/src/Illuminate/Testing/PendingCommand.php:675
/Users/rsa/lab/testcrm/crm-back/vendor/laravel/framework/src/Illuminate/Foundation/Testing/Concerns/InteractsWithConsole.php:87
/Users/rsa/lab/testcrm/crm-back/vendor/laravel/framework/src/Illuminate/Foundation/Testing/RefreshDatabase.php:119
/Users/rsa/lab/testcrm/crm-back/vendor/laravel/framework/src/Illuminate/Foundation/Testing/RefreshDatabase.php:84
/Users/rsa/lab/testcrm/crm-back/vendor/laravel/framework/src/Illuminate/Foundation/Testing/RefreshDatabase.php:25
/Users/rsa/lab/testcrm/crm-back/vendor/laravel/framework/src/Illuminate/Foundation/Testing/Concerns/InteractsWithTestCaseLifecycle.php:209
/Users/rsa/lab/testcrm/crm-back/vendor/laravel/framework/src/Illuminate/Foundation/Testing/Concerns/InteractsWithTestCaseLifecycle.php:97
/Users/rsa/lab/testcrm/crm-back/vendor/laravel/framework/src/Illuminate/Foundation/Testing/TestCase.php:63
/Users/rsa/lab/testcrm/crm-back/tests/Unit/RoomTypeServiceTest.php:26</error>
        </testcase>
        <testcase name="it_creates_room_type_with_photos" file="/Users/rsa/lab/testcrm/crm-back/tests/Unit/RoomTypeServiceTest.php" line="54" class="Tests\Unit\RoomTypeServiceTest" classname="Tests.Unit.RoomTypeServiceTest" assertions="0" time="0.000000">
          <error type="Illuminate\Database\QueryException">Tests\Unit\RoomTypeServiceTest::it_creates_room_type_with_photos
Illuminate\Database\QueryException: SQLSTATE[HY000] [2002] Connection refused (Connection: mysql, SQL: select exists (select 1 from information_schema.tables where table_schema = schema() and table_name = 'migrations' and table_type in ('BASE TABLE', 'SYSTEM VERSIONED')) as `exists`)

/Users/rsa/lab/testcrm/crm-back/vendor/laravel/framework/src/Illuminate/Database/Connection.php:826
/Users/rsa/lab/testcrm/crm-back/vendor/laravel/framework/src/Illuminate/Database/Connection.php:980
/Users/rsa/lab/testcrm/crm-back/vendor/laravel/framework/src/Illuminate/Database/Connection.php:959
/Users/rsa/lab/testcrm/crm-back/vendor/laravel/framework/src/Illuminate/Database/Connection.php:782
/Users/rsa/lab/testcrm/crm-back/vendor/laravel/framework/src/Illuminate/Database/Connection.php:397
/Users/rsa/lab/testcrm/crm-back/vendor/laravel/framework/src/Illuminate/Database/Connection.php:343
/Users/rsa/lab/testcrm/crm-back/vendor/laravel/framework/src/Illuminate/Database/Connection.php:360
/Users/rsa/lab/testcrm/crm-back/vendor/laravel/framework/src/Illuminate/Database/Schema/Builder.php:174
/Users/rsa/lab/testcrm/crm-back/vendor/laravel/framework/src/Illuminate/Database/Migrations/DatabaseMigrationRepository.php:185
/Users/rsa/lab/testcrm/crm-back/vendor/laravel/framework/src/Illuminate/Database/Migrations/Migrator.php:756
/Users/rsa/lab/testcrm/crm-back/vendor/laravel/framework/src/Illuminate/Database/Console/Migrations/FreshCommand.php:67
/Users/rsa/lab/testcrm/crm-back/vendor/laravel/framework/src/Illuminate/Database/Migrations/Migrator.php:669
/Users/rsa/lab/testcrm/crm-back/vendor/laravel/framework/src/Illuminate/Database/Console/Migrations/FreshCommand.php:66
/Users/rsa/lab/testcrm/crm-back/vendor/laravel/framework/src/Illuminate/Container/BoundMethod.php:36
/Users/rsa/lab/testcrm/crm-back/vendor/laravel/framework/src/Illuminate/Container/Util.php:43
/Users/rsa/lab/testcrm/crm-back/vendor/laravel/framework/src/Illuminate/Container/BoundMethod.php:96
/Users/rsa/lab/testcrm/crm-back/vendor/laravel/framework/src/Illuminate/Container/BoundMethod.php:35
/Users/rsa/lab/testcrm/crm-back/vendor/laravel/framework/src/Illuminate/Container/Container.php:799
/Users/rsa/lab/testcrm/crm-back/vendor/laravel/framework/src/Illuminate/Console/Command.php:211
/Users/rsa/lab/testcrm/crm-back/vendor/symfony/console/Command/Command.php:341
/Users/rsa/lab/testcrm/crm-back/vendor/laravel/framework/src/Illuminate/Console/Command.php:180
/Users/rsa/lab/testcrm/crm-back/vendor/symfony/console/Application.php:1102
/Users/rsa/lab/testcrm/crm-back/vendor/symfony/console/Application.php:356
/Users/rsa/lab/testcrm/crm-back/vendor/symfony/console/Application.php:195
/Users/rsa/lab/testcrm/crm-back/vendor/laravel/framework/src/Illuminate/Console/Application.php:165
/Users/rsa/lab/testcrm/crm-back/vendor/laravel/framework/src/Illuminate/Foundation/Console/Kernel.php:447
/Users/rsa/lab/testcrm/crm-back/vendor/laravel/framework/src/Illuminate/Testing/PendingCommand.php:451
/Users/rsa/lab/testcrm/crm-back/vendor/laravel/framework/src/Illuminate/Testing/PendingCommand.php:675
/Users/rsa/lab/testcrm/crm-back/vendor/laravel/framework/src/Illuminate/Foundation/Testing/Concerns/InteractsWithConsole.php:87
/Users/rsa/lab/testcrm/crm-back/vendor/laravel/framework/src/Illuminate/Foundation/Testing/RefreshDatabase.php:119
/Users/rsa/lab/testcrm/crm-back/vendor/laravel/framework/src/Illuminate/Foundation/Testing/RefreshDatabase.php:84
/Users/rsa/lab/testcrm/crm-back/vendor/laravel/framework/src/Illuminate/Foundation/Testing/RefreshDatabase.php:25
/Users/rsa/lab/testcrm/crm-back/vendor/laravel/framework/src/Illuminate/Foundation/Testing/Concerns/InteractsWithTestCaseLifecycle.php:209
/Users/rsa/lab/testcrm/crm-back/vendor/laravel/framework/src/Illuminate/Foundation/Testing/Concerns/InteractsWithTestCaseLifecycle.php:97
/Users/rsa/lab/testcrm/crm-back/vendor/laravel/framework/src/Illuminate/Foundation/Testing/TestCase.php:63
/Users/rsa/lab/testcrm/crm-back/tests/Unit/RoomTypeServiceTest.php:26</error>
        </testcase>
        <testcase name="it_handles_photo_upload_limit" file="/Users/rsa/lab/testcrm/crm-back/tests/Unit/RoomTypeServiceTest.php" line="219" class="Tests\Unit\RoomTypeServiceTest" classname="Tests.Unit.RoomTypeServiceTest" assertions="0" time="0.000000">
          <error type="Illuminate\Database\QueryException">Tests\Unit\RoomTypeServiceTest::it_handles_photo_upload_limit
Illuminate\Database\QueryException: SQLSTATE[HY000] [2002] Connection refused (Connection: mysql, SQL: select exists (select 1 from information_schema.tables where table_schema = schema() and table_name = 'migrations' and table_type in ('BASE TABLE', 'SYSTEM VERSIONED')) as `exists`)

/Users/rsa/lab/testcrm/crm-back/vendor/laravel/framework/src/Illuminate/Database/Connection.php:826
/Users/rsa/lab/testcrm/crm-back/vendor/laravel/framework/src/Illuminate/Database/Connection.php:980
/Users/rsa/lab/testcrm/crm-back/vendor/laravel/framework/src/Illuminate/Database/Connection.php:959
/Users/rsa/lab/testcrm/crm-back/vendor/laravel/framework/src/Illuminate/Database/Connection.php:782
/Users/rsa/lab/testcrm/crm-back/vendor/laravel/framework/src/Illuminate/Database/Connection.php:397
/Users/rsa/lab/testcrm/crm-back/vendor/laravel/framework/src/Illuminate/Database/Connection.php:343
/Users/rsa/lab/testcrm/crm-back/vendor/laravel/framework/src/Illuminate/Database/Connection.php:360
/Users/rsa/lab/testcrm/crm-back/vendor/laravel/framework/src/Illuminate/Database/Schema/Builder.php:174
/Users/rsa/lab/testcrm/crm-back/vendor/laravel/framework/src/Illuminate/Database/Migrations/DatabaseMigrationRepository.php:185
/Users/rsa/lab/testcrm/crm-back/vendor/laravel/framework/src/Illuminate/Database/Migrations/Migrator.php:756
/Users/rsa/lab/testcrm/crm-back/vendor/laravel/framework/src/Illuminate/Database/Console/Migrations/FreshCommand.php:67
/Users/rsa/lab/testcrm/crm-back/vendor/laravel/framework/src/Illuminate/Database/Migrations/Migrator.php:669
/Users/rsa/lab/testcrm/crm-back/vendor/laravel/framework/src/Illuminate/Database/Console/Migrations/FreshCommand.php:66
/Users/rsa/lab/testcrm/crm-back/vendor/laravel/framework/src/Illuminate/Container/BoundMethod.php:36
/Users/rsa/lab/testcrm/crm-back/vendor/laravel/framework/src/Illuminate/Container/Util.php:43
/Users/rsa/lab/testcrm/crm-back/vendor/laravel/framework/src/Illuminate/Container/BoundMethod.php:96
/Users/rsa/lab/testcrm/crm-back/vendor/laravel/framework/src/Illuminate/Container/BoundMethod.php:35
/Users/rsa/lab/testcrm/crm-back/vendor/laravel/framework/src/Illuminate/Container/Container.php:799
/Users/rsa/lab/testcrm/crm-back/vendor/laravel/framework/src/Illuminate/Console/Command.php:211
/Users/rsa/lab/testcrm/crm-back/vendor/symfony/console/Command/Command.php:341
/Users/rsa/lab/testcrm/crm-back/vendor/laravel/framework/src/Illuminate/Console/Command.php:180
/Users/rsa/lab/testcrm/crm-back/vendor/symfony/console/Application.php:1102
/Users/rsa/lab/testcrm/crm-back/vendor/symfony/console/Application.php:356
/Users/rsa/lab/testcrm/crm-back/vendor/symfony/console/Application.php:195
/Users/rsa/lab/testcrm/crm-back/vendor/laravel/framework/src/Illuminate/Console/Application.php:165
/Users/rsa/lab/testcrm/crm-back/vendor/laravel/framework/src/Illuminate/Foundation/Console/Kernel.php:447
/Users/rsa/lab/testcrm/crm-back/vendor/laravel/framework/src/Illuminate/Testing/PendingCommand.php:451
/Users/rsa/lab/testcrm/crm-back/vendor/laravel/framework/src/Illuminate/Testing/PendingCommand.php:675
/Users/rsa/lab/testcrm/crm-back/vendor/laravel/framework/src/Illuminate/Foundation/Testing/Concerns/InteractsWithConsole.php:87
/Users/rsa/lab/testcrm/crm-back/vendor/laravel/framework/src/Illuminate/Foundation/Testing/RefreshDatabase.php:119
/Users/rsa/lab/testcrm/crm-back/vendor/laravel/framework/src/Illuminate/Foundation/Testing/RefreshDatabase.php:84
/Users/rsa/lab/testcrm/crm-back/vendor/laravel/framework/src/Illuminate/Foundation/Testing/RefreshDatabase.php:25
/Users/rsa/lab/testcrm/crm-back/vendor/laravel/framework/src/Illuminate/Foundation/Testing/Concerns/InteractsWithTestCaseLifecycle.php:209
/Users/rsa/lab/testcrm/crm-back/vendor/laravel/framework/src/Illuminate/Foundation/Testing/Concerns/InteractsWithTestCaseLifecycle.php:97
/Users/rsa/lab/testcrm/crm-back/vendor/laravel/framework/src/Illuminate/Foundation/Testing/TestCase.php:63
/Users/rsa/lab/testcrm/crm-back/tests/Unit/RoomTypeServiceTest.php:26</error>
        </testcase>
        <testcase name="it_creates_room_type_with_photos_in_room_type_folder" file="/Users/rsa/lab/testcrm/crm-back/tests/Unit/RoomTypeServiceTest.php" line="150" class="Tests\Unit\RoomTypeServiceTest" classname="Tests.Unit.RoomTypeServiceTest" assertions="0" time="0.000000">
          <error type="Illuminate\Database\QueryException">Tests\Unit\RoomTypeServiceTest::it_creates_room_type_with_photos_in_room_type_folder
Illuminate\Database\QueryException: SQLSTATE[HY000] [2002] Connection refused (Connection: mysql, SQL: select exists (select 1 from information_schema.tables where table_schema = schema() and table_name = 'migrations' and table_type in ('BASE TABLE', 'SYSTEM VERSIONED')) as `exists`)

/Users/rsa/lab/testcrm/crm-back/vendor/laravel/framework/src/Illuminate/Database/Connection.php:826
/Users/rsa/lab/testcrm/crm-back/vendor/laravel/framework/src/Illuminate/Database/Connection.php:980
/Users/rsa/lab/testcrm/crm-back/vendor/laravel/framework/src/Illuminate/Database/Connection.php:959
/Users/rsa/lab/testcrm/crm-back/vendor/laravel/framework/src/Illuminate/Database/Connection.php:782
/Users/rsa/lab/testcrm/crm-back/vendor/laravel/framework/src/Illuminate/Database/Connection.php:397
/Users/rsa/lab/testcrm/crm-back/vendor/laravel/framework/src/Illuminate/Database/Connection.php:343
/Users/rsa/lab/testcrm/crm-back/vendor/laravel/framework/src/Illuminate/Database/Connection.php:360
/Users/rsa/lab/testcrm/crm-back/vendor/laravel/framework/src/Illuminate/Database/Schema/Builder.php:174
/Users/rsa/lab/testcrm/crm-back/vendor/laravel/framework/src/Illuminate/Database/Migrations/DatabaseMigrationRepository.php:185
/Users/rsa/lab/testcrm/crm-back/vendor/laravel/framework/src/Illuminate/Database/Migrations/Migrator.php:756
/Users/rsa/lab/testcrm/crm-back/vendor/laravel/framework/src/Illuminate/Database/Console/Migrations/FreshCommand.php:67
/Users/rsa/lab/testcrm/crm-back/vendor/laravel/framework/src/Illuminate/Database/Migrations/Migrator.php:669
/Users/rsa/lab/testcrm/crm-back/vendor/laravel/framework/src/Illuminate/Database/Console/Migrations/FreshCommand.php:66
/Users/rsa/lab/testcrm/crm-back/vendor/laravel/framework/src/Illuminate/Container/BoundMethod.php:36
/Users/rsa/lab/testcrm/crm-back/vendor/laravel/framework/src/Illuminate/Container/Util.php:43
/Users/rsa/lab/testcrm/crm-back/vendor/laravel/framework/src/Illuminate/Container/BoundMethod.php:96
/Users/rsa/lab/testcrm/crm-back/vendor/laravel/framework/src/Illuminate/Container/BoundMethod.php:35
/Users/rsa/lab/testcrm/crm-back/vendor/laravel/framework/src/Illuminate/Container/Container.php:799
/Users/rsa/lab/testcrm/crm-back/vendor/laravel/framework/src/Illuminate/Console/Command.php:211
/Users/rsa/lab/testcrm/crm-back/vendor/symfony/console/Command/Command.php:341
/Users/rsa/lab/testcrm/crm-back/vendor/laravel/framework/src/Illuminate/Console/Command.php:180
/Users/rsa/lab/testcrm/crm-back/vendor/symfony/console/Application.php:1102
/Users/rsa/lab/testcrm/crm-back/vendor/symfony/console/Application.php:356
/Users/rsa/lab/testcrm/crm-back/vendor/symfony/console/Application.php:195
/Users/rsa/lab/testcrm/crm-back/vendor/laravel/framework/src/Illuminate/Console/Application.php:165
/Users/rsa/lab/testcrm/crm-back/vendor/laravel/framework/src/Illuminate/Foundation/Console/Kernel.php:447
/Users/rsa/lab/testcrm/crm-back/vendor/laravel/framework/src/Illuminate/Testing/PendingCommand.php:451
/Users/rsa/lab/testcrm/crm-back/vendor/laravel/framework/src/Illuminate/Testing/PendingCommand.php:675
/Users/rsa/lab/testcrm/crm-back/vendor/laravel/framework/src/Illuminate/Foundation/Testing/Concerns/InteractsWithConsole.php:87
/Users/rsa/lab/testcrm/crm-back/vendor/laravel/framework/src/Illuminate/Foundation/Testing/RefreshDatabase.php:119
/Users/rsa/lab/testcrm/crm-back/vendor/laravel/framework/src/Illuminate/Foundation/Testing/RefreshDatabase.php:84
/Users/rsa/lab/testcrm/crm-back/vendor/laravel/framework/src/Illuminate/Foundation/Testing/RefreshDatabase.php:25
/Users/rsa/lab/testcrm/crm-back/vendor/laravel/framework/src/Illuminate/Foundation/Testing/Concerns/InteractsWithTestCaseLifecycle.php:209
/Users/rsa/lab/testcrm/crm-back/vendor/laravel/framework/src/Illuminate/Foundation/Testing/Concerns/InteractsWithTestCaseLifecycle.php:97
/Users/rsa/lab/testcrm/crm-back/vendor/laravel/framework/src/Illuminate/Foundation/Testing/TestCase.php:63
/Users/rsa/lab/testcrm/crm-back/tests/Unit/RoomTypeServiceTest.php:26</error>
        </testcase>
        <testcase name="it_deletes_room_type_with_photos" file="/Users/rsa/lab/testcrm/crm-back/tests/Unit/RoomTypeServiceTest.php" line="127" class="Tests\Unit\RoomTypeServiceTest" classname="Tests.Unit.RoomTypeServiceTest" assertions="0" time="0.000000">
          <error type="Illuminate\Database\QueryException">Tests\Unit\RoomTypeServiceTest::it_deletes_room_type_with_photos
Illuminate\Database\QueryException: SQLSTATE[HY000] [2002] Connection refused (Connection: mysql, SQL: select exists (select 1 from information_schema.tables where table_schema = schema() and table_name = 'migrations' and table_type in ('BASE TABLE', 'SYSTEM VERSIONED')) as `exists`)

/Users/rsa/lab/testcrm/crm-back/vendor/laravel/framework/src/Illuminate/Database/Connection.php:826
/Users/rsa/lab/testcrm/crm-back/vendor/laravel/framework/src/Illuminate/Database/Connection.php:980
/Users/rsa/lab/testcrm/crm-back/vendor/laravel/framework/src/Illuminate/Database/Connection.php:959
/Users/rsa/lab/testcrm/crm-back/vendor/laravel/framework/src/Illuminate/Database/Connection.php:782
/Users/rsa/lab/testcrm/crm-back/vendor/laravel/framework/src/Illuminate/Database/Connection.php:397
/Users/rsa/lab/testcrm/crm-back/vendor/laravel/framework/src/Illuminate/Database/Connection.php:343
/Users/rsa/lab/testcrm/crm-back/vendor/laravel/framework/src/Illuminate/Database/Connection.php:360
/Users/rsa/lab/testcrm/crm-back/vendor/laravel/framework/src/Illuminate/Database/Schema/Builder.php:174
/Users/rsa/lab/testcrm/crm-back/vendor/laravel/framework/src/Illuminate/Database/Migrations/DatabaseMigrationRepository.php:185
/Users/rsa/lab/testcrm/crm-back/vendor/laravel/framework/src/Illuminate/Database/Migrations/Migrator.php:756
/Users/rsa/lab/testcrm/crm-back/vendor/laravel/framework/src/Illuminate/Database/Console/Migrations/FreshCommand.php:67
/Users/rsa/lab/testcrm/crm-back/vendor/laravel/framework/src/Illuminate/Database/Migrations/Migrator.php:669
/Users/rsa/lab/testcrm/crm-back/vendor/laravel/framework/src/Illuminate/Database/Console/Migrations/FreshCommand.php:66
/Users/rsa/lab/testcrm/crm-back/vendor/laravel/framework/src/Illuminate/Container/BoundMethod.php:36
/Users/rsa/lab/testcrm/crm-back/vendor/laravel/framework/src/Illuminate/Container/Util.php:43
/Users/rsa/lab/testcrm/crm-back/vendor/laravel/framework/src/Illuminate/Container/BoundMethod.php:96
/Users/rsa/lab/testcrm/crm-back/vendor/laravel/framework/src/Illuminate/Container/BoundMethod.php:35
/Users/rsa/lab/testcrm/crm-back/vendor/laravel/framework/src/Illuminate/Container/Container.php:799
/Users/rsa/lab/testcrm/crm-back/vendor/laravel/framework/src/Illuminate/Console/Command.php:211
/Users/rsa/lab/testcrm/crm-back/vendor/symfony/console/Command/Command.php:341
/Users/rsa/lab/testcrm/crm-back/vendor/laravel/framework/src/Illuminate/Console/Command.php:180
/Users/rsa/lab/testcrm/crm-back/vendor/symfony/console/Application.php:1102
/Users/rsa/lab/testcrm/crm-back/vendor/symfony/console/Application.php:356
/Users/rsa/lab/testcrm/crm-back/vendor/symfony/console/Application.php:195
/Users/rsa/lab/testcrm/crm-back/vendor/laravel/framework/src/Illuminate/Console/Application.php:165
/Users/rsa/lab/testcrm/crm-back/vendor/laravel/framework/src/Illuminate/Foundation/Console/Kernel.php:447
/Users/rsa/lab/testcrm/crm-back/vendor/laravel/framework/src/Illuminate/Testing/PendingCommand.php:451
/Users/rsa/lab/testcrm/crm-back/vendor/laravel/framework/src/Illuminate/Testing/PendingCommand.php:675
/Users/rsa/lab/testcrm/crm-back/vendor/laravel/framework/src/Illuminate/Foundation/Testing/Concerns/InteractsWithConsole.php:87
/Users/rsa/lab/testcrm/crm-back/vendor/laravel/framework/src/Illuminate/Foundation/Testing/RefreshDatabase.php:119
/Users/rsa/lab/testcrm/crm-back/vendor/laravel/framework/src/Illuminate/Foundation/Testing/RefreshDatabase.php:84
/Users/rsa/lab/testcrm/crm-back/vendor/laravel/framework/src/Illuminate/Foundation/Testing/RefreshDatabase.php:25
/Users/rsa/lab/testcrm/crm-back/vendor/laravel/framework/src/Illuminate/Foundation/Testing/Concerns/InteractsWithTestCaseLifecycle.php:209
/Users/rsa/lab/testcrm/crm-back/vendor/laravel/framework/src/Illuminate/Foundation/Testing/Concerns/InteractsWithTestCaseLifecycle.php:97
/Users/rsa/lab/testcrm/crm-back/vendor/laravel/framework/src/Illuminate/Foundation/Testing/TestCase.php:63
/Users/rsa/lab/testcrm/crm-back/tests/Unit/RoomTypeServiceTest.php:26</error>
        </testcase>
        <testcase name="it_deletes_room_type_without_photos" file="/Users/rsa/lab/testcrm/crm-back/tests/Unit/RoomTypeServiceTest.php" line="110" class="Tests\Unit\RoomTypeServiceTest" classname="Tests.Unit.RoomTypeServiceTest" assertions="0" time="0.000000">
          <error type="Illuminate\Database\QueryException">Tests\Unit\RoomTypeServiceTest::it_deletes_room_type_without_photos
Illuminate\Database\QueryException: SQLSTATE[HY000] [2002] Connection refused (Connection: mysql, SQL: select exists (select 1 from information_schema.tables where table_schema = schema() and table_name = 'migrations' and table_type in ('BASE TABLE', 'SYSTEM VERSIONED')) as `exists`)

/Users/rsa/lab/testcrm/crm-back/vendor/laravel/framework/src/Illuminate/Database/Connection.php:826
/Users/rsa/lab/testcrm/crm-back/vendor/laravel/framework/src/Illuminate/Database/Connection.php:980
/Users/rsa/lab/testcrm/crm-back/vendor/laravel/framework/src/Illuminate/Database/Connection.php:959
/Users/rsa/lab/testcrm/crm-back/vendor/laravel/framework/src/Illuminate/Database/Connection.php:782
/Users/rsa/lab/testcrm/crm-back/vendor/laravel/framework/src/Illuminate/Database/Connection.php:397
/Users/rsa/lab/testcrm/crm-back/vendor/laravel/framework/src/Illuminate/Database/Connection.php:343
/Users/rsa/lab/testcrm/crm-back/vendor/laravel/framework/src/Illuminate/Database/Connection.php:360
/Users/rsa/lab/testcrm/crm-back/vendor/laravel/framework/src/Illuminate/Database/Schema/Builder.php:174
/Users/rsa/lab/testcrm/crm-back/vendor/laravel/framework/src/Illuminate/Database/Migrations/DatabaseMigrationRepository.php:185
/Users/rsa/lab/testcrm/crm-back/vendor/laravel/framework/src/Illuminate/Database/Migrations/Migrator.php:756
/Users/rsa/lab/testcrm/crm-back/vendor/laravel/framework/src/Illuminate/Database/Console/Migrations/FreshCommand.php:67
/Users/rsa/lab/testcrm/crm-back/vendor/laravel/framework/src/Illuminate/Database/Migrations/Migrator.php:669
/Users/rsa/lab/testcrm/crm-back/vendor/laravel/framework/src/Illuminate/Database/Console/Migrations/FreshCommand.php:66
/Users/rsa/lab/testcrm/crm-back/vendor/laravel/framework/src/Illuminate/Container/BoundMethod.php:36
/Users/rsa/lab/testcrm/crm-back/vendor/laravel/framework/src/Illuminate/Container/Util.php:43
/Users/rsa/lab/testcrm/crm-back/vendor/laravel/framework/src/Illuminate/Container/BoundMethod.php:96
/Users/rsa/lab/testcrm/crm-back/vendor/laravel/framework/src/Illuminate/Container/BoundMethod.php:35
/Users/rsa/lab/testcrm/crm-back/vendor/laravel/framework/src/Illuminate/Container/Container.php:799
/Users/rsa/lab/testcrm/crm-back/vendor/laravel/framework/src/Illuminate/Console/Command.php:211
/Users/rsa/lab/testcrm/crm-back/vendor/symfony/console/Command/Command.php:341
/Users/rsa/lab/testcrm/crm-back/vendor/laravel/framework/src/Illuminate/Console/Command.php:180
/Users/rsa/lab/testcrm/crm-back/vendor/symfony/console/Application.php:1102
/Users/rsa/lab/testcrm/crm-back/vendor/symfony/console/Application.php:356
/Users/rsa/lab/testcrm/crm-back/vendor/symfony/console/Application.php:195
/Users/rsa/lab/testcrm/crm-back/vendor/laravel/framework/src/Illuminate/Console/Application.php:165
/Users/rsa/lab/testcrm/crm-back/vendor/laravel/framework/src/Illuminate/Foundation/Console/Kernel.php:447
/Users/rsa/lab/testcrm/crm-back/vendor/laravel/framework/src/Illuminate/Testing/PendingCommand.php:451
/Users/rsa/lab/testcrm/crm-back/vendor/laravel/framework/src/Illuminate/Testing/PendingCommand.php:675
/Users/rsa/lab/testcrm/crm-back/vendor/laravel/framework/src/Illuminate/Foundation/Testing/Concerns/InteractsWithConsole.php:87
/Users/rsa/lab/testcrm/crm-back/vendor/laravel/framework/src/Illuminate/Foundation/Testing/RefreshDatabase.php:119
/Users/rsa/lab/testcrm/crm-back/vendor/laravel/framework/src/Illuminate/Foundation/Testing/RefreshDatabase.php:84
/Users/rsa/lab/testcrm/crm-back/vendor/laravel/framework/src/Illuminate/Foundation/Testing/RefreshDatabase.php:25
/Users/rsa/lab/testcrm/crm-back/vendor/laravel/framework/src/Illuminate/Foundation/Testing/Concerns/InteractsWithTestCaseLifecycle.php:209
/Users/rsa/lab/testcrm/crm-back/vendor/laravel/framework/src/Illuminate/Foundation/Testing/Concerns/InteractsWithTestCaseLifecycle.php:97
/Users/rsa/lab/testcrm/crm-back/vendor/laravel/framework/src/Illuminate/Foundation/Testing/TestCase.php:63
/Users/rsa/lab/testcrm/crm-back/tests/Unit/RoomTypeServiceTest.php:26</error>
        </testcase>
        <testcase name="it_handles_empty_photo_array" file="/Users/rsa/lab/testcrm/crm-back/tests/Unit/RoomTypeServiceTest.php" line="245" class="Tests\Unit\RoomTypeServiceTest" classname="Tests.Unit.RoomTypeServiceTest" assertions="0" time="0.000000">
          <error type="Illuminate\Database\QueryException">Tests\Unit\RoomTypeServiceTest::it_handles_empty_photo_array
Illuminate\Database\QueryException: SQLSTATE[HY000] [2002] Connection refused (Connection: mysql, SQL: select exists (select 1 from information_schema.tables where table_schema = schema() and table_name = 'migrations' and table_type in ('BASE TABLE', 'SYSTEM VERSIONED')) as `exists`)

/Users/rsa/lab/testcrm/crm-back/vendor/laravel/framework/src/Illuminate/Database/Connection.php:826
/Users/rsa/lab/testcrm/crm-back/vendor/laravel/framework/src/Illuminate/Database/Connection.php:980
/Users/rsa/lab/testcrm/crm-back/vendor/laravel/framework/src/Illuminate/Database/Connection.php:959
/Users/rsa/lab/testcrm/crm-back/vendor/laravel/framework/src/Illuminate/Database/Connection.php:782
/Users/rsa/lab/testcrm/crm-back/vendor/laravel/framework/src/Illuminate/Database/Connection.php:397
/Users/rsa/lab/testcrm/crm-back/vendor/laravel/framework/src/Illuminate/Database/Connection.php:343
/Users/rsa/lab/testcrm/crm-back/vendor/laravel/framework/src/Illuminate/Database/Connection.php:360
/Users/rsa/lab/testcrm/crm-back/vendor/laravel/framework/src/Illuminate/Database/Schema/Builder.php:174
/Users/rsa/lab/testcrm/crm-back/vendor/laravel/framework/src/Illuminate/Database/Migrations/DatabaseMigrationRepository.php:185
/Users/rsa/lab/testcrm/crm-back/vendor/laravel/framework/src/Illuminate/Database/Migrations/Migrator.php:756
/Users/rsa/lab/testcrm/crm-back/vendor/laravel/framework/src/Illuminate/Database/Console/Migrations/FreshCommand.php:67
/Users/rsa/lab/testcrm/crm-back/vendor/laravel/framework/src/Illuminate/Database/Migrations/Migrator.php:669
/Users/rsa/lab/testcrm/crm-back/vendor/laravel/framework/src/Illuminate/Database/Console/Migrations/FreshCommand.php:66
/Users/rsa/lab/testcrm/crm-back/vendor/laravel/framework/src/Illuminate/Container/BoundMethod.php:36
/Users/rsa/lab/testcrm/crm-back/vendor/laravel/framework/src/Illuminate/Container/Util.php:43
/Users/rsa/lab/testcrm/crm-back/vendor/laravel/framework/src/Illuminate/Container/BoundMethod.php:96
/Users/rsa/lab/testcrm/crm-back/vendor/laravel/framework/src/Illuminate/Container/BoundMethod.php:35
/Users/rsa/lab/testcrm/crm-back/vendor/laravel/framework/src/Illuminate/Container/Container.php:799
/Users/rsa/lab/testcrm/crm-back/vendor/laravel/framework/src/Illuminate/Console/Command.php:211
/Users/rsa/lab/testcrm/crm-back/vendor/symfony/console/Command/Command.php:341
/Users/rsa/lab/testcrm/crm-back/vendor/laravel/framework/src/Illuminate/Console/Command.php:180
/Users/rsa/lab/testcrm/crm-back/vendor/symfony/console/Application.php:1102
/Users/rsa/lab/testcrm/crm-back/vendor/symfony/console/Application.php:356
/Users/rsa/lab/testcrm/crm-back/vendor/symfony/console/Application.php:195
/Users/rsa/lab/testcrm/crm-back/vendor/laravel/framework/src/Illuminate/Console/Application.php:165
/Users/rsa/lab/testcrm/crm-back/vendor/laravel/framework/src/Illuminate/Foundation/Console/Kernel.php:447
/Users/rsa/lab/testcrm/crm-back/vendor/laravel/framework/src/Illuminate/Testing/PendingCommand.php:451
/Users/rsa/lab/testcrm/crm-back/vendor/laravel/framework/src/Illuminate/Testing/PendingCommand.php:675
/Users/rsa/lab/testcrm/crm-back/vendor/laravel/framework/src/Illuminate/Foundation/Testing/Concerns/InteractsWithConsole.php:87
/Users/rsa/lab/testcrm/crm-back/vendor/laravel/framework/src/Illuminate/Foundation/Testing/RefreshDatabase.php:119
/Users/rsa/lab/testcrm/crm-back/vendor/laravel/framework/src/Illuminate/Foundation/Testing/RefreshDatabase.php:84
/Users/rsa/lab/testcrm/crm-back/vendor/laravel/framework/src/Illuminate/Foundation/Testing/RefreshDatabase.php:25
/Users/rsa/lab/testcrm/crm-back/vendor/laravel/framework/src/Illuminate/Foundation/Testing/Concerns/InteractsWithTestCaseLifecycle.php:209
/Users/rsa/lab/testcrm/crm-back/vendor/laravel/framework/src/Illuminate/Foundation/Testing/Concerns/InteractsWithTestCaseLifecycle.php:97
/Users/rsa/lab/testcrm/crm-back/vendor/laravel/framework/src/Illuminate/Foundation/Testing/TestCase.php:63
/Users/rsa/lab/testcrm/crm-back/tests/Unit/RoomTypeServiceTest.php:26</error>
        </testcase>
        <testcase name="it_creates_room_type_without_photos" file="/Users/rsa/lab/testcrm/crm-back/tests/Unit/RoomTypeServiceTest.php" line="33" class="Tests\Unit\RoomTypeServiceTest" classname="Tests.Unit.RoomTypeServiceTest" assertions="0" time="0.000000">
          <error type="Illuminate\Database\QueryException">Tests\Unit\RoomTypeServiceTest::it_creates_room_type_without_photos
Illuminate\Database\QueryException: SQLSTATE[HY000] [2002] Connection refused (Connection: mysql, SQL: select exists (select 1 from information_schema.tables where table_schema = schema() and table_name = 'migrations' and table_type in ('BASE TABLE', 'SYSTEM VERSIONED')) as `exists`)

/Users/rsa/lab/testcrm/crm-back/vendor/laravel/framework/src/Illuminate/Database/Connection.php:826
/Users/rsa/lab/testcrm/crm-back/vendor/laravel/framework/src/Illuminate/Database/Connection.php:980
/Users/rsa/lab/testcrm/crm-back/vendor/laravel/framework/src/Illuminate/Database/Connection.php:959
/Users/rsa/lab/testcrm/crm-back/vendor/laravel/framework/src/Illuminate/Database/Connection.php:782
/Users/rsa/lab/testcrm/crm-back/vendor/laravel/framework/src/Illuminate/Database/Connection.php:397
/Users/rsa/lab/testcrm/crm-back/vendor/laravel/framework/src/Illuminate/Database/Connection.php:343
/Users/rsa/lab/testcrm/crm-back/vendor/laravel/framework/src/Illuminate/Database/Connection.php:360
/Users/rsa/lab/testcrm/crm-back/vendor/laravel/framework/src/Illuminate/Database/Schema/Builder.php:174
/Users/rsa/lab/testcrm/crm-back/vendor/laravel/framework/src/Illuminate/Database/Migrations/DatabaseMigrationRepository.php:185
/Users/rsa/lab/testcrm/crm-back/vendor/laravel/framework/src/Illuminate/Database/Migrations/Migrator.php:756
/Users/rsa/lab/testcrm/crm-back/vendor/laravel/framework/src/Illuminate/Database/Console/Migrations/FreshCommand.php:67
/Users/rsa/lab/testcrm/crm-back/vendor/laravel/framework/src/Illuminate/Database/Migrations/Migrator.php:669
/Users/rsa/lab/testcrm/crm-back/vendor/laravel/framework/src/Illuminate/Database/Console/Migrations/FreshCommand.php:66
/Users/rsa/lab/testcrm/crm-back/vendor/laravel/framework/src/Illuminate/Container/BoundMethod.php:36
/Users/rsa/lab/testcrm/crm-back/vendor/laravel/framework/src/Illuminate/Container/Util.php:43
/Users/rsa/lab/testcrm/crm-back/vendor/laravel/framework/src/Illuminate/Container/BoundMethod.php:96
/Users/rsa/lab/testcrm/crm-back/vendor/laravel/framework/src/Illuminate/Container/BoundMethod.php:35
/Users/rsa/lab/testcrm/crm-back/vendor/laravel/framework/src/Illuminate/Container/Container.php:799
/Users/rsa/lab/testcrm/crm-back/vendor/laravel/framework/src/Illuminate/Console/Command.php:211
/Users/rsa/lab/testcrm/crm-back/vendor/symfony/console/Command/Command.php:341
/Users/rsa/lab/testcrm/crm-back/vendor/laravel/framework/src/Illuminate/Console/Command.php:180
/Users/rsa/lab/testcrm/crm-back/vendor/symfony/console/Application.php:1102
/Users/rsa/lab/testcrm/crm-back/vendor/symfony/console/Application.php:356
/Users/rsa/lab/testcrm/crm-back/vendor/symfony/console/Application.php:195
/Users/rsa/lab/testcrm/crm-back/vendor/laravel/framework/src/Illuminate/Console/Application.php:165
/Users/rsa/lab/testcrm/crm-back/vendor/laravel/framework/src/Illuminate/Foundation/Console/Kernel.php:447
/Users/rsa/lab/testcrm/crm-back/vendor/laravel/framework/src/Illuminate/Testing/PendingCommand.php:451
/Users/rsa/lab/testcrm/crm-back/vendor/laravel/framework/src/Illuminate/Testing/PendingCommand.php:675
/Users/rsa/lab/testcrm/crm-back/vendor/laravel/framework/src/Illuminate/Foundation/Testing/Concerns/InteractsWithConsole.php:87
/Users/rsa/lab/testcrm/crm-back/vendor/laravel/framework/src/Illuminate/Foundation/Testing/RefreshDatabase.php:119
/Users/rsa/lab/testcrm/crm-back/vendor/laravel/framework/src/Illuminate/Foundation/Testing/RefreshDatabase.php:84
/Users/rsa/lab/testcrm/crm-back/vendor/laravel/framework/src/Illuminate/Foundation/Testing/RefreshDatabase.php:25
/Users/rsa/lab/testcrm/crm-back/vendor/laravel/framework/src/Illuminate/Foundation/Testing/Concerns/InteractsWithTestCaseLifecycle.php:209
/Users/rsa/lab/testcrm/crm-back/vendor/laravel/framework/src/Illuminate/Foundation/Testing/Concerns/InteractsWithTestCaseLifecycle.php:97
/Users/rsa/lab/testcrm/crm-back/vendor/laravel/framework/src/Illuminate/Foundation/Testing/TestCase.php:63
/Users/rsa/lab/testcrm/crm-back/tests/Unit/RoomTypeServiceTest.php:26</error>
        </testcase>
        <testcase name="it_updates_room_type_without_photos" file="/Users/rsa/lab/testcrm/crm-back/tests/Unit/RoomTypeServiceTest.php" line="91" class="Tests\Unit\RoomTypeServiceTest" classname="Tests.Unit.RoomTypeServiceTest" assertions="0" time="0.000000">
          <error type="Illuminate\Database\QueryException">Tests\Unit\RoomTypeServiceTest::it_updates_room_type_without_photos
Illuminate\Database\QueryException: SQLSTATE[HY000] [2002] Connection refused (Connection: mysql, SQL: select exists (select 1 from information_schema.tables where table_schema = schema() and table_name = 'migrations' and table_type in ('BASE TABLE', 'SYSTEM VERSIONED')) as `exists`)

/Users/rsa/lab/testcrm/crm-back/vendor/laravel/framework/src/Illuminate/Database/Connection.php:826
/Users/rsa/lab/testcrm/crm-back/vendor/laravel/framework/src/Illuminate/Database/Connection.php:980
/Users/rsa/lab/testcrm/crm-back/vendor/laravel/framework/src/Illuminate/Database/Connection.php:959
/Users/rsa/lab/testcrm/crm-back/vendor/laravel/framework/src/Illuminate/Database/Connection.php:782
/Users/rsa/lab/testcrm/crm-back/vendor/laravel/framework/src/Illuminate/Database/Connection.php:397
/Users/rsa/lab/testcrm/crm-back/vendor/laravel/framework/src/Illuminate/Database/Connection.php:343
/Users/rsa/lab/testcrm/crm-back/vendor/laravel/framework/src/Illuminate/Database/Connection.php:360
/Users/rsa/lab/testcrm/crm-back/vendor/laravel/framework/src/Illuminate/Database/Schema/Builder.php:174
/Users/rsa/lab/testcrm/crm-back/vendor/laravel/framework/src/Illuminate/Database/Migrations/DatabaseMigrationRepository.php:185
/Users/rsa/lab/testcrm/crm-back/vendor/laravel/framework/src/Illuminate/Database/Migrations/Migrator.php:756
/Users/rsa/lab/testcrm/crm-back/vendor/laravel/framework/src/Illuminate/Database/Console/Migrations/FreshCommand.php:67
/Users/rsa/lab/testcrm/crm-back/vendor/laravel/framework/src/Illuminate/Database/Migrations/Migrator.php:669
/Users/rsa/lab/testcrm/crm-back/vendor/laravel/framework/src/Illuminate/Database/Console/Migrations/FreshCommand.php:66
/Users/rsa/lab/testcrm/crm-back/vendor/laravel/framework/src/Illuminate/Container/BoundMethod.php:36
/Users/rsa/lab/testcrm/crm-back/vendor/laravel/framework/src/Illuminate/Container/Util.php:43
/Users/rsa/lab/testcrm/crm-back/vendor/laravel/framework/src/Illuminate/Container/BoundMethod.php:96
/Users/rsa/lab/testcrm/crm-back/vendor/laravel/framework/src/Illuminate/Container/BoundMethod.php:35
/Users/rsa/lab/testcrm/crm-back/vendor/laravel/framework/src/Illuminate/Container/Container.php:799
/Users/rsa/lab/testcrm/crm-back/vendor/laravel/framework/src/Illuminate/Console/Command.php:211
/Users/rsa/lab/testcrm/crm-back/vendor/symfony/console/Command/Command.php:341
/Users/rsa/lab/testcrm/crm-back/vendor/laravel/framework/src/Illuminate/Console/Command.php:180
/Users/rsa/lab/testcrm/crm-back/vendor/symfony/console/Application.php:1102
/Users/rsa/lab/testcrm/crm-back/vendor/symfony/console/Application.php:356
/Users/rsa/lab/testcrm/crm-back/vendor/symfony/console/Application.php:195
/Users/rsa/lab/testcrm/crm-back/vendor/laravel/framework/src/Illuminate/Console/Application.php:165
/Users/rsa/lab/testcrm/crm-back/vendor/laravel/framework/src/Illuminate/Foundation/Console/Kernel.php:447
/Users/rsa/lab/testcrm/crm-back/vendor/laravel/framework/src/Illuminate/Testing/PendingCommand.php:451
/Users/rsa/lab/testcrm/crm-back/vendor/laravel/framework/src/Illuminate/Testing/PendingCommand.php:675
/Users/rsa/lab/testcrm/crm-back/vendor/laravel/framework/src/Illuminate/Foundation/Testing/Concerns/InteractsWithConsole.php:87
/Users/rsa/lab/testcrm/crm-back/vendor/laravel/framework/src/Illuminate/Foundation/Testing/RefreshDatabase.php:119
/Users/rsa/lab/testcrm/crm-back/vendor/laravel/framework/src/Illuminate/Foundation/Testing/RefreshDatabase.php:84
/Users/rsa/lab/testcrm/crm-back/vendor/laravel/framework/src/Illuminate/Foundation/Testing/RefreshDatabase.php:25
/Users/rsa/lab/testcrm/crm-back/vendor/laravel/framework/src/Illuminate/Foundation/Testing/Concerns/InteractsWithTestCaseLifecycle.php:209
/Users/rsa/lab/testcrm/crm-back/vendor/laravel/framework/src/Illuminate/Foundation/Testing/Concerns/InteractsWithTestCaseLifecycle.php:97
/Users/rsa/lab/testcrm/crm-back/vendor/laravel/framework/src/Illuminate/Foundation/Testing/TestCase.php:63
/Users/rsa/lab/testcrm/crm-back/tests/Unit/RoomTypeServiceTest.php:26</error>
        </testcase>
      </testsuite>
      <testsuite name="Tests\Unit\RoomTypeValidationTest" file="/Users/rsa/lab/testcrm/crm-back/tests/Unit/RoomTypeValidationTest.php" tests="2" assertions="0" errors="2" failures="0" skipped="0" time="0.154292">
        <testcase name="it_has_correct_base_rules_when_no_photos_are_provided" file="/Users/rsa/lab/testcrm/crm-back/tests/Unit/RoomTypeValidationTest.php" line="62" class="Tests\Unit\RoomTypeValidationTest" classname="Tests.Unit.RoomTypeValidationTest" assertions="0" time="0.082964">
          <error type="Error">Tests\Unit\RoomTypeValidationTest::it_has_correct_base_rules_when_no_photos_are_provided
Error: Call to undefined method App\Http\Controllers\RoomTypeController::getRulesForUpdate()

/Users/rsa/lab/testcrm/crm-back/tests/Unit/RoomTypeValidationTest.php:71</error>
        </testcase>
        <testcase name="it_validates_photos_field_and_dynamic_photo_uploads" file="/Users/rsa/lab/testcrm/crm-back/tests/Unit/RoomTypeValidationTest.php" line="29" class="Tests\Unit\RoomTypeValidationTest" classname="Tests.Unit.RoomTypeValidationTest" assertions="0" time="0.071329">
          <error type="Error">Tests\Unit\RoomTypeValidationTest::it_validates_photos_field_and_dynamic_photo_uploads
Error: Call to undefined method App\Http\Controllers\RoomTypeController::getRulesForUpdate()

/Users/rsa/lab/testcrm/crm-back/tests/Unit/RoomTypeValidationTest.php:43</error>
        </testcase>
      </testsuite>
    </testsuite>
    <testsuite name="Feature" tests="7" assertions="0" errors="7" failures="0" skipped="0" time="0.000000">
      <testsuite name="Tests\Feature\RoomTypePhotosTest" file="/Users/rsa/lab/testcrm/crm-back/tests/Feature/RoomTypePhotosTest.php" tests="7" assertions="0" errors="7" failures="0" skipped="0" time="0.000000">
        <testcase name="test_room_type_photos_validate_image_types" file="/Users/rsa/lab/testcrm/crm-back/tests/Feature/RoomTypePhotosTest.php" line="279" class="Tests\Feature\RoomTypePhotosTest" classname="Tests.Feature.RoomTypePhotosTest" assertions="0" time="0.000000">
          <error type="Illuminate\Database\QueryException">Tests\Feature\RoomTypePhotosTest::test_room_type_photos_validate_image_types
Illuminate\Database\QueryException: SQLSTATE[HY000] [2002] Connection refused (Connection: mysql, SQL: select exists (select 1 from information_schema.tables where table_schema = schema() and table_name = 'migrations' and table_type in ('BASE TABLE', 'SYSTEM VERSIONED')) as `exists`)

/Users/rsa/lab/testcrm/crm-back/vendor/laravel/framework/src/Illuminate/Database/Connection.php:826
/Users/rsa/lab/testcrm/crm-back/vendor/laravel/framework/src/Illuminate/Database/Connection.php:980
/Users/rsa/lab/testcrm/crm-back/vendor/laravel/framework/src/Illuminate/Database/Connection.php:959
/Users/rsa/lab/testcrm/crm-back/vendor/laravel/framework/src/Illuminate/Database/Connection.php:782
/Users/rsa/lab/testcrm/crm-back/vendor/laravel/framework/src/Illuminate/Database/Connection.php:397
/Users/rsa/lab/testcrm/crm-back/vendor/laravel/framework/src/Illuminate/Database/Connection.php:343
/Users/rsa/lab/testcrm/crm-back/vendor/laravel/framework/src/Illuminate/Database/Connection.php:360
/Users/rsa/lab/testcrm/crm-back/vendor/laravel/framework/src/Illuminate/Database/Schema/Builder.php:174
/Users/rsa/lab/testcrm/crm-back/vendor/laravel/framework/src/Illuminate/Database/Migrations/DatabaseMigrationRepository.php:185
/Users/rsa/lab/testcrm/crm-back/vendor/laravel/framework/src/Illuminate/Database/Migrations/Migrator.php:756
/Users/rsa/lab/testcrm/crm-back/vendor/laravel/framework/src/Illuminate/Database/Console/Migrations/FreshCommand.php:67
/Users/rsa/lab/testcrm/crm-back/vendor/laravel/framework/src/Illuminate/Database/Migrations/Migrator.php:669
/Users/rsa/lab/testcrm/crm-back/vendor/laravel/framework/src/Illuminate/Database/Console/Migrations/FreshCommand.php:66
/Users/rsa/lab/testcrm/crm-back/vendor/laravel/framework/src/Illuminate/Container/BoundMethod.php:36
/Users/rsa/lab/testcrm/crm-back/vendor/laravel/framework/src/Illuminate/Container/Util.php:43
/Users/rsa/lab/testcrm/crm-back/vendor/laravel/framework/src/Illuminate/Container/BoundMethod.php:96
/Users/rsa/lab/testcrm/crm-back/vendor/laravel/framework/src/Illuminate/Container/BoundMethod.php:35
/Users/rsa/lab/testcrm/crm-back/vendor/laravel/framework/src/Illuminate/Container/Container.php:799
/Users/rsa/lab/testcrm/crm-back/vendor/laravel/framework/src/Illuminate/Console/Command.php:211
/Users/rsa/lab/testcrm/crm-back/vendor/symfony/console/Command/Command.php:341
/Users/rsa/lab/testcrm/crm-back/vendor/laravel/framework/src/Illuminate/Console/Command.php:180
/Users/rsa/lab/testcrm/crm-back/vendor/symfony/console/Application.php:1102
/Users/rsa/lab/testcrm/crm-back/vendor/symfony/console/Application.php:356
/Users/rsa/lab/testcrm/crm-back/vendor/symfony/console/Application.php:195
/Users/rsa/lab/testcrm/crm-back/vendor/laravel/framework/src/Illuminate/Console/Application.php:165
/Users/rsa/lab/testcrm/crm-back/vendor/laravel/framework/src/Illuminate/Foundation/Console/Kernel.php:447
/Users/rsa/lab/testcrm/crm-back/vendor/laravel/framework/src/Illuminate/Testing/PendingCommand.php:451
/Users/rsa/lab/testcrm/crm-back/vendor/laravel/framework/src/Illuminate/Testing/PendingCommand.php:675
/Users/rsa/lab/testcrm/crm-back/vendor/laravel/framework/src/Illuminate/Foundation/Testing/Concerns/InteractsWithConsole.php:87
/Users/rsa/lab/testcrm/crm-back/vendor/laravel/framework/src/Illuminate/Foundation/Testing/RefreshDatabase.php:119
/Users/rsa/lab/testcrm/crm-back/vendor/laravel/framework/src/Illuminate/Foundation/Testing/RefreshDatabase.php:84
/Users/rsa/lab/testcrm/crm-back/vendor/laravel/framework/src/Illuminate/Foundation/Testing/RefreshDatabase.php:25
/Users/rsa/lab/testcrm/crm-back/vendor/laravel/framework/src/Illuminate/Foundation/Testing/Concerns/InteractsWithTestCaseLifecycle.php:209
/Users/rsa/lab/testcrm/crm-back/vendor/laravel/framework/src/Illuminate/Foundation/Testing/Concerns/InteractsWithTestCaseLifecycle.php:97
/Users/rsa/lab/testcrm/crm-back/vendor/laravel/framework/src/Illuminate/Foundation/Testing/TestCase.php:63
/Users/rsa/lab/testcrm/crm-back/tests/Feature/RoomTypePhotosTest.php:32</error>
        </testcase>
        <testcase name="test_room_type_can_have_photos_uploaded" file="/Users/rsa/lab/testcrm/crm-back/tests/Feature/RoomTypePhotosTest.php" line="65" class="Tests\Feature\RoomTypePhotosTest" classname="Tests.Feature.RoomTypePhotosTest" assertions="0" time="0.000000">
          <error type="Illuminate\Database\QueryException">Tests\Feature\RoomTypePhotosTest::test_room_type_can_have_photos_uploaded
Illuminate\Database\QueryException: SQLSTATE[HY000] [2002] Connection refused (Connection: mysql, SQL: select exists (select 1 from information_schema.tables where table_schema = schema() and table_name = 'migrations' and table_type in ('BASE TABLE', 'SYSTEM VERSIONED')) as `exists`)

/Users/rsa/lab/testcrm/crm-back/vendor/laravel/framework/src/Illuminate/Database/Connection.php:826
/Users/rsa/lab/testcrm/crm-back/vendor/laravel/framework/src/Illuminate/Database/Connection.php:980
/Users/rsa/lab/testcrm/crm-back/vendor/laravel/framework/src/Illuminate/Database/Connection.php:959
/Users/rsa/lab/testcrm/crm-back/vendor/laravel/framework/src/Illuminate/Database/Connection.php:782
/Users/rsa/lab/testcrm/crm-back/vendor/laravel/framework/src/Illuminate/Database/Connection.php:397
/Users/rsa/lab/testcrm/crm-back/vendor/laravel/framework/src/Illuminate/Database/Connection.php:343
/Users/rsa/lab/testcrm/crm-back/vendor/laravel/framework/src/Illuminate/Database/Connection.php:360
/Users/rsa/lab/testcrm/crm-back/vendor/laravel/framework/src/Illuminate/Database/Schema/Builder.php:174
/Users/rsa/lab/testcrm/crm-back/vendor/laravel/framework/src/Illuminate/Database/Migrations/DatabaseMigrationRepository.php:185
/Users/rsa/lab/testcrm/crm-back/vendor/laravel/framework/src/Illuminate/Database/Migrations/Migrator.php:756
/Users/rsa/lab/testcrm/crm-back/vendor/laravel/framework/src/Illuminate/Database/Console/Migrations/FreshCommand.php:67
/Users/rsa/lab/testcrm/crm-back/vendor/laravel/framework/src/Illuminate/Database/Migrations/Migrator.php:669
/Users/rsa/lab/testcrm/crm-back/vendor/laravel/framework/src/Illuminate/Database/Console/Migrations/FreshCommand.php:66
/Users/rsa/lab/testcrm/crm-back/vendor/laravel/framework/src/Illuminate/Container/BoundMethod.php:36
/Users/rsa/lab/testcrm/crm-back/vendor/laravel/framework/src/Illuminate/Container/Util.php:43
/Users/rsa/lab/testcrm/crm-back/vendor/laravel/framework/src/Illuminate/Container/BoundMethod.php:96
/Users/rsa/lab/testcrm/crm-back/vendor/laravel/framework/src/Illuminate/Container/BoundMethod.php:35
/Users/rsa/lab/testcrm/crm-back/vendor/laravel/framework/src/Illuminate/Container/Container.php:799
/Users/rsa/lab/testcrm/crm-back/vendor/laravel/framework/src/Illuminate/Console/Command.php:211
/Users/rsa/lab/testcrm/crm-back/vendor/symfony/console/Command/Command.php:341
/Users/rsa/lab/testcrm/crm-back/vendor/laravel/framework/src/Illuminate/Console/Command.php:180
/Users/rsa/lab/testcrm/crm-back/vendor/symfony/console/Application.php:1102
/Users/rsa/lab/testcrm/crm-back/vendor/symfony/console/Application.php:356
/Users/rsa/lab/testcrm/crm-back/vendor/symfony/console/Application.php:195
/Users/rsa/lab/testcrm/crm-back/vendor/laravel/framework/src/Illuminate/Console/Application.php:165
/Users/rsa/lab/testcrm/crm-back/vendor/laravel/framework/src/Illuminate/Foundation/Console/Kernel.php:447
/Users/rsa/lab/testcrm/crm-back/vendor/laravel/framework/src/Illuminate/Testing/PendingCommand.php:451
/Users/rsa/lab/testcrm/crm-back/vendor/laravel/framework/src/Illuminate/Testing/PendingCommand.php:675
/Users/rsa/lab/testcrm/crm-back/vendor/laravel/framework/src/Illuminate/Foundation/Testing/Concerns/InteractsWithConsole.php:87
/Users/rsa/lab/testcrm/crm-back/vendor/laravel/framework/src/Illuminate/Foundation/Testing/RefreshDatabase.php:119
/Users/rsa/lab/testcrm/crm-back/vendor/laravel/framework/src/Illuminate/Foundation/Testing/RefreshDatabase.php:84
/Users/rsa/lab/testcrm/crm-back/vendor/laravel/framework/src/Illuminate/Foundation/Testing/RefreshDatabase.php:25
/Users/rsa/lab/testcrm/crm-back/vendor/laravel/framework/src/Illuminate/Foundation/Testing/Concerns/InteractsWithTestCaseLifecycle.php:209
/Users/rsa/lab/testcrm/crm-back/vendor/laravel/framework/src/Illuminate/Foundation/Testing/Concerns/InteractsWithTestCaseLifecycle.php:97
/Users/rsa/lab/testcrm/crm-back/vendor/laravel/framework/src/Illuminate/Foundation/Testing/TestCase.php:63
/Users/rsa/lab/testcrm/crm-back/tests/Feature/RoomTypePhotosTest.php:32</error>
        </testcase>
        <testcase name="test_room_type_photos_can_be_updated" file="/Users/rsa/lab/testcrm/crm-back/tests/Feature/RoomTypePhotosTest.php" line="240" class="Tests\Feature\RoomTypePhotosTest" classname="Tests.Feature.RoomTypePhotosTest" assertions="0" time="0.000000">
          <error type="Illuminate\Database\QueryException">Tests\Feature\RoomTypePhotosTest::test_room_type_photos_can_be_updated
Illuminate\Database\QueryException: SQLSTATE[HY000] [2002] Connection refused (Connection: mysql, SQL: select exists (select 1 from information_schema.tables where table_schema = schema() and table_name = 'migrations' and table_type in ('BASE TABLE', 'SYSTEM VERSIONED')) as `exists`)

/Users/rsa/lab/testcrm/crm-back/vendor/laravel/framework/src/Illuminate/Database/Connection.php:826
/Users/rsa/lab/testcrm/crm-back/vendor/laravel/framework/src/Illuminate/Database/Connection.php:980
/Users/rsa/lab/testcrm/crm-back/vendor/laravel/framework/src/Illuminate/Database/Connection.php:959
/Users/rsa/lab/testcrm/crm-back/vendor/laravel/framework/src/Illuminate/Database/Connection.php:782
/Users/rsa/lab/testcrm/crm-back/vendor/laravel/framework/src/Illuminate/Database/Connection.php:397
/Users/rsa/lab/testcrm/crm-back/vendor/laravel/framework/src/Illuminate/Database/Connection.php:343
/Users/rsa/lab/testcrm/crm-back/vendor/laravel/framework/src/Illuminate/Database/Connection.php:360
/Users/rsa/lab/testcrm/crm-back/vendor/laravel/framework/src/Illuminate/Database/Schema/Builder.php:174
/Users/rsa/lab/testcrm/crm-back/vendor/laravel/framework/src/Illuminate/Database/Migrations/DatabaseMigrationRepository.php:185
/Users/rsa/lab/testcrm/crm-back/vendor/laravel/framework/src/Illuminate/Database/Migrations/Migrator.php:756
/Users/rsa/lab/testcrm/crm-back/vendor/laravel/framework/src/Illuminate/Database/Console/Migrations/FreshCommand.php:67
/Users/rsa/lab/testcrm/crm-back/vendor/laravel/framework/src/Illuminate/Database/Migrations/Migrator.php:669
/Users/rsa/lab/testcrm/crm-back/vendor/laravel/framework/src/Illuminate/Database/Console/Migrations/FreshCommand.php:66
/Users/rsa/lab/testcrm/crm-back/vendor/laravel/framework/src/Illuminate/Container/BoundMethod.php:36
/Users/rsa/lab/testcrm/crm-back/vendor/laravel/framework/src/Illuminate/Container/Util.php:43
/Users/rsa/lab/testcrm/crm-back/vendor/laravel/framework/src/Illuminate/Container/BoundMethod.php:96
/Users/rsa/lab/testcrm/crm-back/vendor/laravel/framework/src/Illuminate/Container/BoundMethod.php:35
/Users/rsa/lab/testcrm/crm-back/vendor/laravel/framework/src/Illuminate/Container/Container.php:799
/Users/rsa/lab/testcrm/crm-back/vendor/laravel/framework/src/Illuminate/Console/Command.php:211
/Users/rsa/lab/testcrm/crm-back/vendor/symfony/console/Command/Command.php:341
/Users/rsa/lab/testcrm/crm-back/vendor/laravel/framework/src/Illuminate/Console/Command.php:180
/Users/rsa/lab/testcrm/crm-back/vendor/symfony/console/Application.php:1102
/Users/rsa/lab/testcrm/crm-back/vendor/symfony/console/Application.php:356
/Users/rsa/lab/testcrm/crm-back/vendor/symfony/console/Application.php:195
/Users/rsa/lab/testcrm/crm-back/vendor/laravel/framework/src/Illuminate/Console/Application.php:165
/Users/rsa/lab/testcrm/crm-back/vendor/laravel/framework/src/Illuminate/Foundation/Console/Kernel.php:447
/Users/rsa/lab/testcrm/crm-back/vendor/laravel/framework/src/Illuminate/Testing/PendingCommand.php:451
/Users/rsa/lab/testcrm/crm-back/vendor/laravel/framework/src/Illuminate/Testing/PendingCommand.php:675
/Users/rsa/lab/testcrm/crm-back/vendor/laravel/framework/src/Illuminate/Foundation/Testing/Concerns/InteractsWithConsole.php:87
/Users/rsa/lab/testcrm/crm-back/vendor/laravel/framework/src/Illuminate/Foundation/Testing/RefreshDatabase.php:119
/Users/rsa/lab/testcrm/crm-back/vendor/laravel/framework/src/Illuminate/Foundation/Testing/RefreshDatabase.php:84
/Users/rsa/lab/testcrm/crm-back/vendor/laravel/framework/src/Illuminate/Foundation/Testing/RefreshDatabase.php:25
/Users/rsa/lab/testcrm/crm-back/vendor/laravel/framework/src/Illuminate/Foundation/Testing/Concerns/InteractsWithTestCaseLifecycle.php:209
/Users/rsa/lab/testcrm/crm-back/vendor/laravel/framework/src/Illuminate/Foundation/Testing/Concerns/InteractsWithTestCaseLifecycle.php:97
/Users/rsa/lab/testcrm/crm-back/vendor/laravel/framework/src/Illuminate/Foundation/Testing/TestCase.php:63
/Users/rsa/lab/testcrm/crm-back/tests/Feature/RoomTypePhotosTest.php:32</error>
        </testcase>
        <testcase name="test_room_type_accepts_up_to_10_photos" file="/Users/rsa/lab/testcrm/crm-back/tests/Feature/RoomTypePhotosTest.php" line="100" class="Tests\Feature\RoomTypePhotosTest" classname="Tests.Feature.RoomTypePhotosTest" assertions="0" time="0.000000">
          <error type="Illuminate\Database\QueryException">Tests\Feature\RoomTypePhotosTest::test_room_type_accepts_up_to_10_photos
Illuminate\Database\QueryException: SQLSTATE[HY000] [2002] Connection refused (Connection: mysql, SQL: select exists (select 1 from information_schema.tables where table_schema = schema() and table_name = 'migrations' and table_type in ('BASE TABLE', 'SYSTEM VERSIONED')) as `exists`)

/Users/rsa/lab/testcrm/crm-back/vendor/laravel/framework/src/Illuminate/Database/Connection.php:826
/Users/rsa/lab/testcrm/crm-back/vendor/laravel/framework/src/Illuminate/Database/Connection.php:980
/Users/rsa/lab/testcrm/crm-back/vendor/laravel/framework/src/Illuminate/Database/Connection.php:959
/Users/rsa/lab/testcrm/crm-back/vendor/laravel/framework/src/Illuminate/Database/Connection.php:782
/Users/rsa/lab/testcrm/crm-back/vendor/laravel/framework/src/Illuminate/Database/Connection.php:397
/Users/rsa/lab/testcrm/crm-back/vendor/laravel/framework/src/Illuminate/Database/Connection.php:343
/Users/rsa/lab/testcrm/crm-back/vendor/laravel/framework/src/Illuminate/Database/Connection.php:360
/Users/rsa/lab/testcrm/crm-back/vendor/laravel/framework/src/Illuminate/Database/Schema/Builder.php:174
/Users/rsa/lab/testcrm/crm-back/vendor/laravel/framework/src/Illuminate/Database/Migrations/DatabaseMigrationRepository.php:185
/Users/rsa/lab/testcrm/crm-back/vendor/laravel/framework/src/Illuminate/Database/Migrations/Migrator.php:756
/Users/rsa/lab/testcrm/crm-back/vendor/laravel/framework/src/Illuminate/Database/Console/Migrations/FreshCommand.php:67
/Users/rsa/lab/testcrm/crm-back/vendor/laravel/framework/src/Illuminate/Database/Migrations/Migrator.php:669
/Users/rsa/lab/testcrm/crm-back/vendor/laravel/framework/src/Illuminate/Database/Console/Migrations/FreshCommand.php:66
/Users/rsa/lab/testcrm/crm-back/vendor/laravel/framework/src/Illuminate/Container/BoundMethod.php:36
/Users/rsa/lab/testcrm/crm-back/vendor/laravel/framework/src/Illuminate/Container/Util.php:43
/Users/rsa/lab/testcrm/crm-back/vendor/laravel/framework/src/Illuminate/Container/BoundMethod.php:96
/Users/rsa/lab/testcrm/crm-back/vendor/laravel/framework/src/Illuminate/Container/BoundMethod.php:35
/Users/rsa/lab/testcrm/crm-back/vendor/laravel/framework/src/Illuminate/Container/Container.php:799
/Users/rsa/lab/testcrm/crm-back/vendor/laravel/framework/src/Illuminate/Console/Command.php:211
/Users/rsa/lab/testcrm/crm-back/vendor/symfony/console/Command/Command.php:341
/Users/rsa/lab/testcrm/crm-back/vendor/laravel/framework/src/Illuminate/Console/Command.php:180
/Users/rsa/lab/testcrm/crm-back/vendor/symfony/console/Application.php:1102
/Users/rsa/lab/testcrm/crm-back/vendor/symfony/console/Application.php:356
/Users/rsa/lab/testcrm/crm-back/vendor/symfony/console/Application.php:195
/Users/rsa/lab/testcrm/crm-back/vendor/laravel/framework/src/Illuminate/Console/Application.php:165
/Users/rsa/lab/testcrm/crm-back/vendor/laravel/framework/src/Illuminate/Foundation/Console/Kernel.php:447
/Users/rsa/lab/testcrm/crm-back/vendor/laravel/framework/src/Illuminate/Testing/PendingCommand.php:451
/Users/rsa/lab/testcrm/crm-back/vendor/laravel/framework/src/Illuminate/Testing/PendingCommand.php:675
/Users/rsa/lab/testcrm/crm-back/vendor/laravel/framework/src/Illuminate/Foundation/Testing/Concerns/InteractsWithConsole.php:87
/Users/rsa/lab/testcrm/crm-back/vendor/laravel/framework/src/Illuminate/Foundation/Testing/RefreshDatabase.php:119
/Users/rsa/lab/testcrm/crm-back/vendor/laravel/framework/src/Illuminate/Foundation/Testing/RefreshDatabase.php:84
/Users/rsa/lab/testcrm/crm-back/vendor/laravel/framework/src/Illuminate/Foundation/Testing/RefreshDatabase.php:25
/Users/rsa/lab/testcrm/crm-back/vendor/laravel/framework/src/Illuminate/Foundation/Testing/Concerns/InteractsWithTestCaseLifecycle.php:209
/Users/rsa/lab/testcrm/crm-back/vendor/laravel/framework/src/Illuminate/Foundation/Testing/Concerns/InteractsWithTestCaseLifecycle.php:97
/Users/rsa/lab/testcrm/crm-back/vendor/laravel/framework/src/Illuminate/Foundation/Testing/TestCase.php:63
/Users/rsa/lab/testcrm/crm-back/tests/Feature/RoomTypePhotosTest.php:32</error>
        </testcase>
        <testcase name="test_room_type_photos_are_included_in_available_rooms_endpoint" file="/Users/rsa/lab/testcrm/crm-back/tests/Feature/RoomTypePhotosTest.php" line="179" class="Tests\Feature\RoomTypePhotosTest" classname="Tests.Feature.RoomTypePhotosTest" assertions="0" time="0.000000">
          <error type="Illuminate\Database\QueryException">Tests\Feature\RoomTypePhotosTest::test_room_type_photos_are_included_in_available_rooms_endpoint
Illuminate\Database\QueryException: SQLSTATE[HY000] [2002] Connection refused (Connection: mysql, SQL: select exists (select 1 from information_schema.tables where table_schema = schema() and table_name = 'migrations' and table_type in ('BASE TABLE', 'SYSTEM VERSIONED')) as `exists`)

/Users/rsa/lab/testcrm/crm-back/vendor/laravel/framework/src/Illuminate/Database/Connection.php:826
/Users/rsa/lab/testcrm/crm-back/vendor/laravel/framework/src/Illuminate/Database/Connection.php:980
/Users/rsa/lab/testcrm/crm-back/vendor/laravel/framework/src/Illuminate/Database/Connection.php:959
/Users/rsa/lab/testcrm/crm-back/vendor/laravel/framework/src/Illuminate/Database/Connection.php:782
/Users/rsa/lab/testcrm/crm-back/vendor/laravel/framework/src/Illuminate/Database/Connection.php:397
/Users/rsa/lab/testcrm/crm-back/vendor/laravel/framework/src/Illuminate/Database/Connection.php:343
/Users/rsa/lab/testcrm/crm-back/vendor/laravel/framework/src/Illuminate/Database/Connection.php:360
/Users/rsa/lab/testcrm/crm-back/vendor/laravel/framework/src/Illuminate/Database/Schema/Builder.php:174
/Users/rsa/lab/testcrm/crm-back/vendor/laravel/framework/src/Illuminate/Database/Migrations/DatabaseMigrationRepository.php:185
/Users/rsa/lab/testcrm/crm-back/vendor/laravel/framework/src/Illuminate/Database/Migrations/Migrator.php:756
/Users/rsa/lab/testcrm/crm-back/vendor/laravel/framework/src/Illuminate/Database/Console/Migrations/FreshCommand.php:67
/Users/rsa/lab/testcrm/crm-back/vendor/laravel/framework/src/Illuminate/Database/Migrations/Migrator.php:669
/Users/rsa/lab/testcrm/crm-back/vendor/laravel/framework/src/Illuminate/Database/Console/Migrations/FreshCommand.php:66
/Users/rsa/lab/testcrm/crm-back/vendor/laravel/framework/src/Illuminate/Container/BoundMethod.php:36
/Users/rsa/lab/testcrm/crm-back/vendor/laravel/framework/src/Illuminate/Container/Util.php:43
/Users/rsa/lab/testcrm/crm-back/vendor/laravel/framework/src/Illuminate/Container/BoundMethod.php:96
/Users/rsa/lab/testcrm/crm-back/vendor/laravel/framework/src/Illuminate/Container/BoundMethod.php:35
/Users/rsa/lab/testcrm/crm-back/vendor/laravel/framework/src/Illuminate/Container/Container.php:799
/Users/rsa/lab/testcrm/crm-back/vendor/laravel/framework/src/Illuminate/Console/Command.php:211
/Users/rsa/lab/testcrm/crm-back/vendor/symfony/console/Command/Command.php:341
/Users/rsa/lab/testcrm/crm-back/vendor/laravel/framework/src/Illuminate/Console/Command.php:180
/Users/rsa/lab/testcrm/crm-back/vendor/symfony/console/Application.php:1102
/Users/rsa/lab/testcrm/crm-back/vendor/symfony/console/Application.php:356
/Users/rsa/lab/testcrm/crm-back/vendor/symfony/console/Application.php:195
/Users/rsa/lab/testcrm/crm-back/vendor/laravel/framework/src/Illuminate/Console/Application.php:165
/Users/rsa/lab/testcrm/crm-back/vendor/laravel/framework/src/Illuminate/Foundation/Console/Kernel.php:447
/Users/rsa/lab/testcrm/crm-back/vendor/laravel/framework/src/Illuminate/Testing/PendingCommand.php:451
/Users/rsa/lab/testcrm/crm-back/vendor/laravel/framework/src/Illuminate/Testing/PendingCommand.php:675
/Users/rsa/lab/testcrm/crm-back/vendor/laravel/framework/src/Illuminate/Foundation/Testing/Concerns/InteractsWithConsole.php:87
/Users/rsa/lab/testcrm/crm-back/vendor/laravel/framework/src/Illuminate/Foundation/Testing/RefreshDatabase.php:119
/Users/rsa/lab/testcrm/crm-back/vendor/laravel/framework/src/Illuminate/Foundation/Testing/RefreshDatabase.php:84
/Users/rsa/lab/testcrm/crm-back/vendor/laravel/framework/src/Illuminate/Foundation/Testing/RefreshDatabase.php:25
/Users/rsa/lab/testcrm/crm-back/vendor/laravel/framework/src/Illuminate/Foundation/Testing/Concerns/InteractsWithTestCaseLifecycle.php:209
/Users/rsa/lab/testcrm/crm-back/vendor/laravel/framework/src/Illuminate/Foundation/Testing/Concerns/InteractsWithTestCaseLifecycle.php:97
/Users/rsa/lab/testcrm/crm-back/vendor/laravel/framework/src/Illuminate/Foundation/Testing/TestCase.php:63
/Users/rsa/lab/testcrm/crm-back/tests/Feature/RoomTypePhotosTest.php:32</error>
        </testcase>
        <testcase name="test_room_type_rejects_more_than_10_photos" file="/Users/rsa/lab/testcrm/crm-back/tests/Feature/RoomTypePhotosTest.php" line="121" class="Tests\Feature\RoomTypePhotosTest" classname="Tests.Feature.RoomTypePhotosTest" assertions="0" time="0.000000">
          <error type="Illuminate\Database\QueryException">Tests\Feature\RoomTypePhotosTest::test_room_type_rejects_more_than_10_photos
Illuminate\Database\QueryException: SQLSTATE[HY000] [2002] Connection refused (Connection: mysql, SQL: select exists (select 1 from information_schema.tables where table_schema = schema() and table_name = 'migrations' and table_type in ('BASE TABLE', 'SYSTEM VERSIONED')) as `exists`)

/Users/rsa/lab/testcrm/crm-back/vendor/laravel/framework/src/Illuminate/Database/Connection.php:826
/Users/rsa/lab/testcrm/crm-back/vendor/laravel/framework/src/Illuminate/Database/Connection.php:980
/Users/rsa/lab/testcrm/crm-back/vendor/laravel/framework/src/Illuminate/Database/Connection.php:959
/Users/rsa/lab/testcrm/crm-back/vendor/laravel/framework/src/Illuminate/Database/Connection.php:782
/Users/rsa/lab/testcrm/crm-back/vendor/laravel/framework/src/Illuminate/Database/Connection.php:397
/Users/rsa/lab/testcrm/crm-back/vendor/laravel/framework/src/Illuminate/Database/Connection.php:343
/Users/rsa/lab/testcrm/crm-back/vendor/laravel/framework/src/Illuminate/Database/Connection.php:360
/Users/rsa/lab/testcrm/crm-back/vendor/laravel/framework/src/Illuminate/Database/Schema/Builder.php:174
/Users/rsa/lab/testcrm/crm-back/vendor/laravel/framework/src/Illuminate/Database/Migrations/DatabaseMigrationRepository.php:185
/Users/rsa/lab/testcrm/crm-back/vendor/laravel/framework/src/Illuminate/Database/Migrations/Migrator.php:756
/Users/rsa/lab/testcrm/crm-back/vendor/laravel/framework/src/Illuminate/Database/Console/Migrations/FreshCommand.php:67
/Users/rsa/lab/testcrm/crm-back/vendor/laravel/framework/src/Illuminate/Database/Migrations/Migrator.php:669
/Users/rsa/lab/testcrm/crm-back/vendor/laravel/framework/src/Illuminate/Database/Console/Migrations/FreshCommand.php:66
/Users/rsa/lab/testcrm/crm-back/vendor/laravel/framework/src/Illuminate/Container/BoundMethod.php:36
/Users/rsa/lab/testcrm/crm-back/vendor/laravel/framework/src/Illuminate/Container/Util.php:43
/Users/rsa/lab/testcrm/crm-back/vendor/laravel/framework/src/Illuminate/Container/BoundMethod.php:96
/Users/rsa/lab/testcrm/crm-back/vendor/laravel/framework/src/Illuminate/Container/BoundMethod.php:35
/Users/rsa/lab/testcrm/crm-back/vendor/laravel/framework/src/Illuminate/Container/Container.php:799
/Users/rsa/lab/testcrm/crm-back/vendor/laravel/framework/src/Illuminate/Console/Command.php:211
/Users/rsa/lab/testcrm/crm-back/vendor/symfony/console/Command/Command.php:341
/Users/rsa/lab/testcrm/crm-back/vendor/laravel/framework/src/Illuminate/Console/Command.php:180
/Users/rsa/lab/testcrm/crm-back/vendor/symfony/console/Application.php:1102
/Users/rsa/lab/testcrm/crm-back/vendor/symfony/console/Application.php:356
/Users/rsa/lab/testcrm/crm-back/vendor/symfony/console/Application.php:195
/Users/rsa/lab/testcrm/crm-back/vendor/laravel/framework/src/Illuminate/Console/Application.php:165
/Users/rsa/lab/testcrm/crm-back/vendor/laravel/framework/src/Illuminate/Foundation/Console/Kernel.php:447
/Users/rsa/lab/testcrm/crm-back/vendor/laravel/framework/src/Illuminate/Testing/PendingCommand.php:451
/Users/rsa/lab/testcrm/crm-back/vendor/laravel/framework/src/Illuminate/Testing/PendingCommand.php:675
/Users/rsa/lab/testcrm/crm-back/vendor/laravel/framework/src/Illuminate/Foundation/Testing/Concerns/InteractsWithConsole.php:87
/Users/rsa/lab/testcrm/crm-back/vendor/laravel/framework/src/Illuminate/Foundation/Testing/RefreshDatabase.php:119
/Users/rsa/lab/testcrm/crm-back/vendor/laravel/framework/src/Illuminate/Foundation/Testing/RefreshDatabase.php:84
/Users/rsa/lab/testcrm/crm-back/vendor/laravel/framework/src/Illuminate/Foundation/Testing/RefreshDatabase.php:25
/Users/rsa/lab/testcrm/crm-back/vendor/laravel/framework/src/Illuminate/Foundation/Testing/Concerns/InteractsWithTestCaseLifecycle.php:209
/Users/rsa/lab/testcrm/crm-back/vendor/laravel/framework/src/Illuminate/Foundation/Testing/Concerns/InteractsWithTestCaseLifecycle.php:97
/Users/rsa/lab/testcrm/crm-back/vendor/laravel/framework/src/Illuminate/Foundation/Testing/TestCase.php:63
/Users/rsa/lab/testcrm/crm-back/tests/Feature/RoomTypePhotosTest.php:32</error>
        </testcase>
        <testcase name="test_room_type_photos_are_returned_in_api_response" file="/Users/rsa/lab/testcrm/crm-back/tests/Feature/RoomTypePhotosTest.php" line="141" class="Tests\Feature\RoomTypePhotosTest" classname="Tests.Feature.RoomTypePhotosTest" assertions="0" time="0.000000">
          <error type="Illuminate\Database\QueryException">Tests\Feature\RoomTypePhotosTest::test_room_type_photos_are_returned_in_api_response
Illuminate\Database\QueryException: SQLSTATE[HY000] [2002] Connection refused (Connection: mysql, SQL: select exists (select 1 from information_schema.tables where table_schema = schema() and table_name = 'migrations' and table_type in ('BASE TABLE', 'SYSTEM VERSIONED')) as `exists`)

/Users/rsa/lab/testcrm/crm-back/vendor/laravel/framework/src/Illuminate/Database/Connection.php:826
/Users/rsa/lab/testcrm/crm-back/vendor/laravel/framework/src/Illuminate/Database/Connection.php:980
/Users/rsa/lab/testcrm/crm-back/vendor/laravel/framework/src/Illuminate/Database/Connection.php:959
/Users/rsa/lab/testcrm/crm-back/vendor/laravel/framework/src/Illuminate/Database/Connection.php:782
/Users/rsa/lab/testcrm/crm-back/vendor/laravel/framework/src/Illuminate/Database/Connection.php:397
/Users/rsa/lab/testcrm/crm-back/vendor/laravel/framework/src/Illuminate/Database/Connection.php:343
/Users/rsa/lab/testcrm/crm-back/vendor/laravel/framework/src/Illuminate/Database/Connection.php:360
/Users/rsa/lab/testcrm/crm-back/vendor/laravel/framework/src/Illuminate/Database/Schema/Builder.php:174
/Users/rsa/lab/testcrm/crm-back/vendor/laravel/framework/src/Illuminate/Database/Migrations/DatabaseMigrationRepository.php:185
/Users/rsa/lab/testcrm/crm-back/vendor/laravel/framework/src/Illuminate/Database/Migrations/Migrator.php:756
/Users/rsa/lab/testcrm/crm-back/vendor/laravel/framework/src/Illuminate/Database/Console/Migrations/FreshCommand.php:67
/Users/rsa/lab/testcrm/crm-back/vendor/laravel/framework/src/Illuminate/Database/Migrations/Migrator.php:669
/Users/rsa/lab/testcrm/crm-back/vendor/laravel/framework/src/Illuminate/Database/Console/Migrations/FreshCommand.php:66
/Users/rsa/lab/testcrm/crm-back/vendor/laravel/framework/src/Illuminate/Container/BoundMethod.php:36
/Users/rsa/lab/testcrm/crm-back/vendor/laravel/framework/src/Illuminate/Container/Util.php:43
/Users/rsa/lab/testcrm/crm-back/vendor/laravel/framework/src/Illuminate/Container/BoundMethod.php:96
/Users/rsa/lab/testcrm/crm-back/vendor/laravel/framework/src/Illuminate/Container/BoundMethod.php:35
/Users/rsa/lab/testcrm/crm-back/vendor/laravel/framework/src/Illuminate/Container/Container.php:799
/Users/rsa/lab/testcrm/crm-back/vendor/laravel/framework/src/Illuminate/Console/Command.php:211
/Users/rsa/lab/testcrm/crm-back/vendor/symfony/console/Command/Command.php:341
/Users/rsa/lab/testcrm/crm-back/vendor/laravel/framework/src/Illuminate/Console/Command.php:180
/Users/rsa/lab/testcrm/crm-back/vendor/symfony/console/Application.php:1102
/Users/rsa/lab/testcrm/crm-back/vendor/symfony/console/Application.php:356
/Users/rsa/lab/testcrm/crm-back/vendor/symfony/console/Application.php:195
/Users/rsa/lab/testcrm/crm-back/vendor/laravel/framework/src/Illuminate/Console/Application.php:165
/Users/rsa/lab/testcrm/crm-back/vendor/laravel/framework/src/Illuminate/Foundation/Console/Kernel.php:447
/Users/rsa/lab/testcrm/crm-back/vendor/laravel/framework/src/Illuminate/Testing/PendingCommand.php:451
/Users/rsa/lab/testcrm/crm-back/vendor/laravel/framework/src/Illuminate/Testing/PendingCommand.php:675
/Users/rsa/lab/testcrm/crm-back/vendor/laravel/framework/src/Illuminate/Foundation/Testing/Concerns/InteractsWithConsole.php:87
/Users/rsa/lab/testcrm/crm-back/vendor/laravel/framework/src/Illuminate/Foundation/Testing/RefreshDatabase.php:119
/Users/rsa/lab/testcrm/crm-back/vendor/laravel/framework/src/Illuminate/Foundation/Testing/RefreshDatabase.php:84
/Users/rsa/lab/testcrm/crm-back/vendor/laravel/framework/src/Illuminate/Foundation/Testing/RefreshDatabase.php:25
/Users/rsa/lab/testcrm/crm-back/vendor/laravel/framework/src/Illuminate/Foundation/Testing/Concerns/InteractsWithTestCaseLifecycle.php:209
/Users/rsa/lab/testcrm/crm-back/vendor/laravel/framework/src/Illuminate/Foundation/Testing/Concerns/InteractsWithTestCaseLifecycle.php:97
/Users/rsa/lab/testcrm/crm-back/vendor/laravel/framework/src/Illuminate/Foundation/Testing/TestCase.php:63
/Users/rsa/lab/testcrm/crm-back/tests/Feature/RoomTypePhotosTest.php:32</error>
        </testcase>
      </testsuite>
    </testsuite>
  </testsuite>
</testsuites>
