<?xml version="1.0" encoding="UTF-8"?>
<testsuites>
  <testsuite name="Tests\Feature\StudentEmergencyContactTest" file="/Users/rsa/lab/testcrm/crm-back/tests/Feature/StudentEmergencyContactTest.php" tests="9" assertions="9" errors="0" failures="9" skipped="0" time="3.045946">
    <testcase name="test_identification_type_validation_accepts_valid_values" file="/Users/rsa/lab/testcrm/crm-back/tests/Feature/StudentEmergencyContactTest.php" line="225" class="Tests\Feature\StudentEmergencyContactTest" classname="Tests.Feature.StudentEmergencyContactTest" assertions="1" time="2.167930">
      <failure type="PHPUnit\Framework\ExpectationFailedException">Tests\Feature\StudentEmergencyContactTest::test_identification_type_validation_accepts_valid_values
Expected response status code [201] but received 404.
Failed asserting that 404 is identical to 201.

/Users/rsa/lab/testcrm/crm-back/vendor/laravel/framework/src/Illuminate/Testing/TestResponseAssert.php:45
/Users/rsa/lab/testcrm/crm-back/vendor/laravel/framework/src/Illuminate/Testing/TestResponse.php:174
/Users/rsa/lab/testcrm/crm-back/tests/Feature/StudentEmergencyContactTest.php:253</failure>
    </testcase>
    <testcase name="test_identification_type_validation_rejects_invalid_values" file="/Users/rsa/lab/testcrm/crm-back/tests/Feature/StudentEmergencyContactTest.php" line="257" class="Tests\Feature\StudentEmergencyContactTest" classname="Tests.Feature.StudentEmergencyContactTest" assertions="1" time="0.056521">
      <failure type="PHPUnit\Framework\ExpectationFailedException">Tests\Feature\StudentEmergencyContactTest::test_identification_type_validation_rejects_invalid_values
Expected response status code [422] but received 404.
Failed asserting that 404 is identical to 422.

/Users/rsa/lab/testcrm/crm-back/vendor/laravel/framework/src/Illuminate/Testing/TestResponseAssert.php:45
/Users/rsa/lab/testcrm/crm-back/vendor/laravel/framework/src/Illuminate/Testing/TestResponse.php:174
/Users/rsa/lab/testcrm/crm-back/tests/Feature/StudentEmergencyContactTest.php:282</failure>
    </testcase>
    <testcase name="test_student_registration_accepts_identification_fields" file="/Users/rsa/lab/testcrm/crm-back/tests/Feature/StudentEmergencyContactTest.php" line="162" class="Tests\Feature\StudentEmergencyContactTest" classname="Tests.Feature.StudentEmergencyContactTest" assertions="1" time="0.062871">
      <failure type="PHPUnit\Framework\ExpectationFailedException">Tests\Feature\StudentEmergencyContactTest::test_student_registration_accepts_identification_fields
Expected response status code [201] but received 404.
Failed asserting that 404 is identical to 201.

/Users/rsa/lab/testcrm/crm-back/vendor/laravel/framework/src/Illuminate/Testing/TestResponseAssert.php:45
/Users/rsa/lab/testcrm/crm-back/vendor/laravel/framework/src/Illuminate/Testing/TestResponse.php:174
/Users/rsa/lab/testcrm/crm-back/tests/Feature/StudentEmergencyContactTest.php:187</failure>
    </testcase>
    <testcase name="test_identification_fields_are_required_for_registration" file="/Users/rsa/lab/testcrm/crm-back/tests/Feature/StudentEmergencyContactTest.php" line="286" class="Tests\Feature\StudentEmergencyContactTest" classname="Tests.Feature.StudentEmergencyContactTest" assertions="1" time="0.171846">
      <failure type="PHPUnit\Framework\ExpectationFailedException">Tests\Feature\StudentEmergencyContactTest::test_identification_fields_are_required_for_registration
Expected response status code [422] but received 404.
Failed asserting that 404 is identical to 422.

/Users/rsa/lab/testcrm/crm-back/vendor/laravel/framework/src/Illuminate/Testing/TestResponseAssert.php:45
/Users/rsa/lab/testcrm/crm-back/vendor/laravel/framework/src/Illuminate/Testing/TestResponse.php:174
/Users/rsa/lab/testcrm/crm-back/tests/Feature/StudentEmergencyContactTest.php:311</failure>
    </testcase>
    <testcase name="test_student_registration_accepts_new_emergency_contact_fields" file="/Users/rsa/lab/testcrm/crm-back/tests/Feature/StudentEmergencyContactTest.php" line="22" class="Tests\Feature\StudentEmergencyContactTest" classname="Tests.Feature.StudentEmergencyContactTest" assertions="1" time="0.140242">
      <failure type="PHPUnit\Framework\ExpectationFailedException">Tests\Feature\StudentEmergencyContactTest::test_student_registration_accepts_new_emergency_contact_fields
Expected response status code [201] but received 404.
Failed asserting that 404 is identical to 201.

/Users/rsa/lab/testcrm/crm-back/vendor/laravel/framework/src/Illuminate/Testing/TestResponseAssert.php:45
/Users/rsa/lab/testcrm/crm-back/vendor/laravel/framework/src/Illuminate/Testing/TestResponse.php:174
/Users/rsa/lab/testcrm/crm-back/tests/Feature/StudentEmergencyContactTest.php:51</failure>
    </testcase>
    <testcase name="test_emergency_contact_type_validation_accepts_valid_values" file="/Users/rsa/lab/testcrm/crm-back/tests/Feature/StudentEmergencyContactTest.php" line="101" class="Tests\Feature\StudentEmergencyContactTest" classname="Tests.Feature.StudentEmergencyContactTest" assertions="1" time="0.062627">
      <failure type="PHPUnit\Framework\ExpectationFailedException">Tests\Feature\StudentEmergencyContactTest::test_emergency_contact_type_validation_accepts_valid_values
Expected response status code [201] but received 404.
Failed asserting that 404 is identical to 201.

/Users/rsa/lab/testcrm/crm-back/vendor/laravel/framework/src/Illuminate/Testing/TestResponseAssert.php:45
/Users/rsa/lab/testcrm/crm-back/vendor/laravel/framework/src/Illuminate/Testing/TestResponse.php:174
/Users/rsa/lab/testcrm/crm-back/tests/Feature/StudentEmergencyContactTest.php:130</failure>
    </testcase>
    <testcase name="test_student_update_accepts_new_emergency_contact_fields" file="/Users/rsa/lab/testcrm/crm-back/tests/Feature/StudentEmergencyContactTest.php" line="66" class="Tests\Feature\StudentEmergencyContactTest" classname="Tests.Feature.StudentEmergencyContactTest" assertions="1" time="0.163715">
      <failure type="PHPUnit\Framework\ExpectationFailedException">Tests\Feature\StudentEmergencyContactTest::test_student_update_accepts_new_emergency_contact_fields
Expected response status code [200] but received 404.
Failed asserting that 404 is identical to 200.

/Users/rsa/lab/testcrm/crm-back/vendor/laravel/framework/src/Illuminate/Testing/TestResponseAssert.php:45
/Users/rsa/lab/testcrm/crm-back/vendor/laravel/framework/src/Illuminate/Testing/TestResponse.php:174
/Users/rsa/lab/testcrm/crm-back/tests/Feature/StudentEmergencyContactTest.php:91</failure>
    </testcase>
    <testcase name="test_emergency_contact_type_validation_rejects_invalid_values" file="/Users/rsa/lab/testcrm/crm-back/tests/Feature/StudentEmergencyContactTest.php" line="134" class="Tests\Feature\StudentEmergencyContactTest" classname="Tests.Feature.StudentEmergencyContactTest" assertions="1" time="0.140061">
      <failure type="PHPUnit\Framework\ExpectationFailedException">Tests\Feature\StudentEmergencyContactTest::test_emergency_contact_type_validation_rejects_invalid_values
Expected response status code [422] but received 404.
Failed asserting that 404 is identical to 422.

/Users/rsa/lab/testcrm/crm-back/vendor/laravel/framework/src/Illuminate/Testing/TestResponseAssert.php:45
/Users/rsa/lab/testcrm/crm-back/vendor/laravel/framework/src/Illuminate/Testing/TestResponse.php:174
/Users/rsa/lab/testcrm/crm-back/tests/Feature/StudentEmergencyContactTest.php:158</failure>
    </testcase>
    <testcase name="test_student_update_accepts_identification_fields" file="/Users/rsa/lab/testcrm/crm-back/tests/Feature/StudentEmergencyContactTest.php" line="194" class="Tests\Feature\StudentEmergencyContactTest" classname="Tests.Feature.StudentEmergencyContactTest" assertions="1" time="0.080133">
      <failure type="PHPUnit\Framework\ExpectationFailedException">Tests\Feature\StudentEmergencyContactTest::test_student_update_accepts_identification_fields
Expected response status code [200] but received 404.
Failed asserting that 404 is identical to 200.

/Users/rsa/lab/testcrm/crm-back/vendor/laravel/framework/src/Illuminate/Testing/TestResponseAssert.php:45
/Users/rsa/lab/testcrm/crm-back/vendor/laravel/framework/src/Illuminate/Testing/TestResponse.php:174
/Users/rsa/lab/testcrm/crm-back/tests/Feature/StudentEmergencyContactTest.php:217</failure>
    </testcase>
  </testsuite>
</testsuites>
